<?xml version="1.0" encoding="UTF-8"?>
<testsuites name="Industry Risk Rating" time="6.183" tests="3" failures="0" errors="0">
   <testsuite name="Industry Risk Rating" tests="3" failures="0" errors="0" time="6.183" skipped="0" timestamp="28-06-2024T14:34:33" hostname="Zulaikha_118633 - 118633-001L-MY.adl.local" id="Test Suites/Industry Risk Rating">
      <properties>
         <property name="deviceName" value=""/>
         <property name="devicePlatform"/>
         <property name="logFolder" value="C:\\Users\\zulaikha_118633\\git\\SMEL_FRAML\\Reports\\20240628_143428\\Industry Risk Rating\\20240628_143428"/>
         <property name="logFiles" value="C:\\Users\\zulaikha_118633\\git\\SMEL_FRAML\\Reports\\20240628_143428\\Industry Risk Rating\\20240628_143428\\execution0.log"/>
         <property name="attachments" value=""/>
         <property name="hostName" value="Zulaikha_118633 - 118633-001L-MY.adl.local"/>
         <property name="hostAddress" value="192.168.0.104"/>
         <property name="os" value="Windows 10 64bit"/>
         <property name="katalonVersion" value="9.6.0.217"/>
      </properties>
      <testcase name="Test Cases/TC01 -Valid Request with All Optional Data" time="4.445" classname="Test Cases/TC01 -Valid Request with All Optional Data" status="PASSED">
         <system-out><![CDATA[28-06-2024T14:34:33 - [TEST_CASE][PASSED] - Test Cases/TC01 -Valid Request with All Optional Data: Test Cases/TC01 -Valid Request with All Optional Data

28-06-2024T14:34:34 - [TEST_STEP][PASSED] - response = sendRequest(findTestObject("Industry Risk Rating/Industry Prohibited Check")): Send request successfully

28-06-2024T14:34:37 - [MESSAGE][INFO] - HAR: C:\Users\zulaikha_118633\git\SMEL_FRAML\Reports\20240628_143428\Industry Risk Rating\20240628_143428\requests\main\0.har

28-06-2024T14:34:37 - [MESSAGE][PASSED] - Send request successfully

28-06-2024T14:34:37 - [TEST_STEP][PASSED] - verifyResponseStatusCode(response, 200): Verify response status code successfully

28-06-2024T14:34:37 - [MESSAGE][PASSED] - Verify response status code successfully

28-06-2024T14:34:37 - [TEST_STEP][PASSED] - e_id = getElementPropertyValue(response, "event_id"): null

28-06-2024T14:34:38 - [TEST_STEP][PASSED] - println(e_id): null

28-06-2024T14:34:38 - [TEST_STEP][PASSED] - e_stat = getElementPropertyValue(response, "evaluation_status"): null

28-06-2024T14:34:38 - [TEST_STEP][PASSED] - println(e_stat): null]]></system-out>
         <system-err><![CDATA[]]></system-err>
      </testcase>
      <testcase name="Test Cases/TC02-Validate Mandatory Field" time="0.513" classname="Test Cases/TC02-Validate Mandatory Field" status="PASSED">
         <system-out><![CDATA[28-06-2024T14:34:38 - [TEST_CASE][PASSED] - Test Cases/TC02-Validate Mandatory Field: Test Cases/TC02-Validate Mandatory Field

28-06-2024T14:34:38 - [TEST_STEP][PASSED] - response = sendRequest(findTestObject("Industry Risk Rating/Industry Mandatory Field")): Send request successfully

28-06-2024T14:34:38 - [MESSAGE][INFO] - HAR: C:\Users\zulaikha_118633\git\SMEL_FRAML\Reports\20240628_143428\Industry Risk Rating\20240628_143428\requests\main\1.har

28-06-2024T14:34:38 - [MESSAGE][PASSED] - Send request successfully

28-06-2024T14:34:38 - [TEST_STEP][PASSED] - verifyResponseStatusCode(response, 400): Verify response status code successfully

28-06-2024T14:34:38 - [MESSAGE][PASSED] - Verify response status code successfully

28-06-2024T14:34:38 - [TEST_STEP][PASSED] - code = getElementPropertyValue(response, "code"): null

28-06-2024T14:34:38 - [TEST_STEP][PASSED] - println(code): null

28-06-2024T14:34:38 - [TEST_STEP][PASSED] - e_message = getElementPropertyValue(response, "message"): null

28-06-2024T14:34:38 - [TEST_STEP][PASSED] - println(e_message): null]]></system-out>
         <system-err><![CDATA[]]></system-err>
      </testcase>
      <testcase name="Test Cases/TC03-Validate Response Data Type" time="0.894" classname="Test Cases/TC03-Validate Response Data Type" status="PASSED">
         <system-out><![CDATA[28-06-2024T14:34:38 - [TEST_CASE][PASSED] - Test Cases/TC03-Validate Response Data Type: Test Cases/TC03-Validate Response Data Type

28-06-2024T14:34:38 - [TEST_STEP][PASSED] - response = sendRequest(findTestObject("Industry Risk Rating/Industry Prohibited Check")): Send request successfully

28-06-2024T14:34:39 - [MESSAGE][INFO] - HAR: C:\Users\zulaikha_118633\git\SMEL_FRAML\Reports\20240628_143428\Industry Risk Rating\20240628_143428\requests\main\2.har

28-06-2024T14:34:39 - [MESSAGE][PASSED] - Send request successfully

28-06-2024T14:34:39 - [TEST_STEP][PASSED] - json = "
{
"event_id":"4ae3d994-aac9-48cb-8449-e4c4e64ea5b8",
  "evaluation_status":"Accepted"
}
": null

28-06-2024T14:34:39 - [TEST_STEP][PASSED] - slurper = new groovy.json.JsonSlurper(): null

28-06-2024T14:34:39 - [TEST_STEP][PASSED] - obj = slurper.parseText(json): null

28-06-2024T14:34:39 - [TEST_STEP][PASSED] - assert obj["evaluation_status"] instanceof java.lang.String: null

28-06-2024T14:34:39 - [TEST_STEP][PASSED] - assert obj["event_id"] instanceof java.lang.String: null]]></system-out>
         <system-err><![CDATA[]]></system-err>
      </testcase>
      <system-out><![CDATA[28-06-2024T14:34:33 - [TEST_SUITE][PASSED] - Industry Risk Rating: Test Cases/TC03-Validate Response Data Type]]></system-out>
      <system-err><![CDATA[]]></system-err>
   </testsuite>
</testsuites>
